0 verbose cli C:\Program Files\nodejs\node.exe C:\Users\hp\AppData\Roaming\npm\node_modules\npm\bin\npm-cli.js
1 info using npm@10.2.5
2 info using node@v20.10.0
3 timing npm:load:whichnode Completed in 3ms
4 timing config:load:defaults Completed in 3ms
5 timing config:load:file:C:\Users\hp\AppData\Roaming\npm\node_modules\npm\npmrc Completed in 12ms
6 timing config:load:builtin Completed in 12ms
7 timing config:load:cli Completed in 3ms
8 timing config:load:env Completed in 0ms
9 timing config:load:file:C:\Users\hp\Desktop\Prctice All\fullstack-nextjs-app\my-app-starter\.npmrc Completed in 0ms
10 timing config:load:project Completed in 1ms
11 timing config:load:file:C:\Users\hp\.npmrc Completed in 1ms
12 timing config:load:user Completed in 1ms
13 timing config:load:file:C:\Users\hp\AppData\Roaming\npm\etc\npmrc Completed in 0ms
14 timing config:load:global Completed in 0ms
15 timing config:load:setEnvs Completed in 1ms
16 timing config:load Completed in 22ms
17 timing npm:load:configload Completed in 22ms
18 timing config:load:flatten Completed in 2ms
19 timing npm:load:mkdirpcache Completed in 0ms
20 timing npm:load:mkdirplogs Completed in 1ms
21 verbose title npm i mongoose
22 verbose argv "i" "mongoose"
23 timing npm:load:setTitle Completed in 1ms
24 timing npm:load:display Completed in 0ms
25 verbose logfile logs-max:10 dir:C:\Users\hp\Desktop\Prctice All\fullstack-nextjs-app\my-app-starter\UsershpAppDataRoamingnpm-cache\_logs\2024-05-20T15_31_04_569Z-
26 verbose logfile C:\Users\hp\Desktop\Prctice All\fullstack-nextjs-app\my-app-starter\UsershpAppDataRoamingnpm-cache\_logs\2024-05-20T15_31_04_569Z-debug-0.log
27 timing npm:load:logFile Completed in 14ms
28 timing npm:load:timers Completed in 0ms
29 timing npm:load:configScope Completed in 0ms
30 timing npm:load Completed in 102ms
31 timing arborist:ctor Completed in 0ms
32 silly logfile done cleaning log files
33 timing idealTree:init Completed in 205ms
34 timing idealTree:userRequests Completed in 2ms
35 silly idealTree buildDeps
36 silly fetch manifest mongoose@*
37 timing arborist:ctor Completed in 0ms
38 http fetch GET 200 https://registry.npmjs.org/mongoose 2536ms (cache miss)
39 silly placeDep ROOT mongoose@8.4.0 OK for: my-app-starter@0.1.0 want: *
40 silly fetch manifest bson@^6.7.0
41 silly fetch manifest kareem@2.6.3
42 silly fetch manifest mongodb@6.6.2
43 silly fetch manifest mpath@0.9.0
44 silly fetch manifest mquery@5.0.0
45 silly fetch manifest ms@2.1.3
46 silly fetch manifest sift@17.1.3
47 http fetch GET 200 https://registry.npmjs.org/ms 281ms (cache miss)
48 http fetch GET 200 https://registry.npmjs.org/mpath 474ms (cache miss)
49 http fetch GET 200 https://registry.npmjs.org/bson 1046ms (cache miss)
50 http fetch GET 200 https://registry.npmjs.org/mongodb 1271ms (cache miss)
51 http fetch GET 200 https://registry.npmjs.org/mquery 1304ms (cache miss)
52 http fetch GET 200 https://registry.npmjs.org/sift 1474ms (cache miss)
53 http fetch GET 200 https://registry.npmjs.org/kareem 1773ms (cache miss)
54 timing idealTree:#root Completed in 4332ms
55 silly placeDep ROOT bson@6.7.0 OK for: mongoose@8.4.0 want: ^6.7.0
56 silly placeDep ROOT kareem@2.6.3 OK for: mongoose@8.4.0 want: 2.6.3
57 silly placeDep ROOT mongodb@6.6.2 OK for: mongoose@8.4.0 want: 6.6.2
58 silly fetch manifest @mongodb-js/saslprep@^1.1.5
59 silly fetch manifest mongodb-connection-string-url@^3.0.0
60 silly placeDep ROOT mpath@0.9.0 OK for: mongoose@8.4.0 want: 0.9.0
61 silly placeDep ROOT mquery@5.0.0 OK for: mongoose@8.4.0 want: 5.0.0
62 silly placeDep node_modules/mongoose ms@2.1.3 OK for: mongoose@8.4.0 want: 2.1.3
63 silly placeDep ROOT sift@17.1.3 OK for: mongoose@8.4.0 want: 17.1.3
64 http fetch GET 200 https://registry.npmjs.org/@mongodb-js%2fsaslprep 604ms (cache miss)
65 http fetch GET 200 https://registry.npmjs.org/mongodb-connection-string-url 1026ms (cache miss)
66 timing idealTree:node_modules/mongoose Completed in 1037ms
67 timing idealTree:node_modules/bson Completed in 0ms
68 timing idealTree:node_modules/kareem Completed in 0ms
69 silly placeDep ROOT @mongodb-js/saslprep@1.1.7 OK for: mongodb@6.6.2 want: ^1.1.5
70 silly fetch manifest sparse-bitfield@^3.0.3
71 silly placeDep ROOT mongodb-connection-string-url@3.0.1 OK for: mongodb@6.6.2 want: ^3.0.0
72 silly fetch manifest @types/whatwg-url@^11.0.2
73 silly fetch manifest whatwg-url@^13.0.0
74 http fetch GET 200 https://registry.npmjs.org/whatwg-url 66ms (cache miss)
75 http fetch GET 200 https://registry.npmjs.org/sparse-bitfield 153ms (cache miss)
76 http fetch GET 200 https://registry.npmjs.org/@types%2fwhatwg-url 364ms (cache miss)
77 timing idealTree:node_modules/mongodb Completed in 373ms
78 silly placeDep ROOT sparse-bitfield@3.0.3 OK for: @mongodb-js/saslprep@1.1.7 want: ^3.0.3
79 silly fetch manifest memory-pager@^1.0.2
80 http fetch GET 200 https://registry.npmjs.org/memory-pager 450ms (cache miss)
81 timing idealTree:node_modules/@mongodb-js/saslprep Completed in 455ms
82 silly placeDep ROOT @types/whatwg-url@11.0.5 OK for: mongodb-connection-string-url@3.0.1 want: ^11.0.2
83 silly fetch manifest @types/webidl-conversions@*
84 silly placeDep ROOT whatwg-url@13.0.0 OK for: mongodb-connection-string-url@3.0.1 want: ^13.0.0
85 silly fetch manifest tr46@^4.1.1
86 silly fetch manifest webidl-conversions@^7.0.0
87 http fetch GET 200 https://registry.npmjs.org/webidl-conversions 58ms (cache miss)
88 http fetch GET 200 https://registry.npmjs.org/tr46 61ms (cache miss)
89 http fetch GET 200 https://registry.npmjs.org/@types%2fwebidl-conversions 2155ms (cache miss)
90 timing idealTree:node_modules/mongodb-connection-string-url Completed in 2162ms
91 silly placeDep ROOT @types/webidl-conversions@7.0.3 OK for: @types/whatwg-url@11.0.5 want: *
92 timing idealTree:node_modules/@types/whatwg-url Completed in 3ms
93 timing idealTree:node_modules/@types/webidl-conversions Completed in 1ms
94 timing idealTree:node_modules/mpath Completed in 0ms
95 timing idealTree:node_modules/mquery Completed in 0ms
96 timing idealTree:node_modules/sift Completed in 0ms
97 silly placeDep ROOT memory-pager@1.5.0 OK for: sparse-bitfield@3.0.3 want: ^1.0.2
98 timing idealTree:node_modules/sparse-bitfield Completed in 2ms
99 timing idealTree:node_modules/memory-pager Completed in 0ms
100 silly placeDep ROOT tr46@4.1.1 OK for: whatwg-url@13.0.0 want: ^4.1.1
101 silly placeDep ROOT webidl-conversions@7.0.0 OK for: whatwg-url@13.0.0 want: ^7.0.0
102 timing idealTree:node_modules/whatwg-url Completed in 3ms
103 timing idealTree:node_modules/tr46 Completed in 0ms
104 timing idealTree:node_modules/webidl-conversions Completed in 0ms
105 timing idealTree:node_modules/mongoose/node_modules/ms Completed in 0ms
106 timing idealTree:buildDeps Completed in 8373ms
107 timing idealTree:fixDepFlags Completed in 5ms
108 timing idealTree Completed in 8593ms
109 timing reify:loadTrees Completed in 8595ms
110 timing reify:diffTrees Completed in 22ms
111 silly reify moves {}
112 timing reify:retireShallow Completed in 2ms
113 timing reify:createSparse Completed in 10ms
114 timing reify:loadBundles Completed in 0ms
115 silly audit bulk request {
115 silly audit   '@alloc/quick-lru': [ '5.2.0' ],
115 silly audit   '@babel/runtime': [ '7.24.5' ],
115 silly audit   '@eslint-community/eslint-utils': [ '4.4.0' ],
115 silly audit   '@eslint-community/regexpp': [ '4.10.0' ],
115 silly audit   '@eslint/eslintrc': [ '2.1.4' ],
115 silly audit   '@eslint/js': [ '8.57.0' ],
115 silly audit   '@humanwhocodes/config-array': [ '0.11.14' ],
115 silly audit   '@humanwhocodes/module-importer': [ '1.0.1' ],
115 silly audit   '@humanwhocodes/object-schema': [ '2.0.3' ],
115 silly audit   '@isaacs/cliui': [ '8.0.2' ],
115 silly audit   'ansi-regex': [ '6.0.1', '5.0.1' ],
115 silly audit   'strip-ansi': [ '7.1.0', '6.0.1' ],
115 silly audit   '@jridgewell/gen-mapping': [ '0.3.5' ],
115 silly audit   '@jridgewell/resolve-uri': [ '3.1.2' ],
115 silly audit   '@jridgewell/set-array': [ '1.2.1' ],
115 silly audit   '@jridgewell/sourcemap-codec': [ '1.4.15' ],
115 silly audit   '@jridgewell/trace-mapping': [ '0.3.25' ],
115 silly audit   '@next/env': [ '14.2.3' ],
115 silly audit   '@next/eslint-plugin-next': [ '14.2.3' ],
115 silly audit   '@next/swc-darwin-arm64': [ '14.2.3' ],
115 silly audit   '@next/swc-darwin-x64': [ '14.2.3' ],
115 silly audit   '@next/swc-linux-arm64-gnu': [ '14.2.3' ],
115 silly audit   '@next/swc-linux-arm64-musl': [ '14.2.3' ],
115 silly audit   '@next/swc-linux-x64-gnu': [ '14.2.3' ],
115 silly audit   '@next/swc-linux-x64-musl': [ '14.2.3' ],
115 silly audit   '@next/swc-win32-arm64-msvc': [ '14.2.3' ],
115 silly audit   '@next/swc-win32-ia32-msvc': [ '14.2.3' ],
115 silly audit   '@next/swc-win32-x64-msvc': [ '14.2.3' ],
115 silly audit   '@nodelib/fs.scandir': [ '2.1.5' ],
115 silly audit   '@nodelib/fs.stat': [ '2.0.5' ],
115 silly audit   '@nodelib/fs.walk': [ '1.2.8' ],
115 silly audit   '@pkgjs/parseargs': [ '0.11.0' ],
115 silly audit   '@rushstack/eslint-patch': [ '1.10.3' ],
115 silly audit   '@swc/counter': [ '0.1.3' ],
115 silly audit   '@swc/helpers': [ '0.5.5' ],
115 silly audit   '@types/json5': [ '0.0.29' ],
115 silly audit   '@types/node': [ '20.12.12' ],
115 silly audit   '@types/prop-types': [ '15.7.12' ],
115 silly audit   '@types/react': [ '18.3.2' ],
115 silly audit   '@types/react-dom': [ '18.3.0' ],
115 silly audit   '@typescript-eslint/parser': [ '7.2.0' ],
115 silly audit   '@typescript-eslint/scope-manager': [ '7.2.0' ],
115 silly audit   '@typescript-eslint/types': [ '7.2.0' ],
115 silly audit   '@typescript-eslint/typescript-estree': [ '7.2.0' ],
115 silly audit   'brace-expansion': [ '2.0.1', '1.1.11' ],
115 silly audit   minimatch: [ '9.0.3', '9.0.4', '3.1.2' ],
115 silly audit   '@typescript-eslint/visitor-keys': [ '7.2.0' ],
115 silly audit   '@ungap/structured-clone': [ '1.2.0' ],
115 silly audit   acorn: [ '8.11.3' ],
115 silly audit   'acorn-jsx': [ '5.3.2' ],
115 silly audit   ajv: [ '6.12.6' ],
115 silly audit   'ansi-styles': [ '4.3.0', '6.2.1' ],
115 silly audit   'any-promise': [ '1.3.0' ],
115 silly audit   anymatch: [ '3.1.3' ],
115 silly audit   arg: [ '5.0.2' ],
115 silly audit   argparse: [ '2.0.1' ],
115 silly audit   'aria-query': [ '5.3.0' ],
115 silly audit   'array-buffer-byte-length': [ '1.0.1' ],
115 silly audit   'array-includes': [ '3.1.8' ],
115 silly audit   'array-union': [ '2.1.0' ],
115 silly audit   'array.prototype.findlast': [ '1.2.5' ],
115 silly audit   'array.prototype.findlastindex': [ '1.2.5' ],
115 silly audit   'array.prototype.flat': [ '1.3.2' ],
115 silly audit   'array.prototype.flatmap': [ '1.3.2' ],
115 silly audit   'array.prototype.toreversed': [ '1.1.2' ],
115 silly audit   'array.prototype.tosorted': [ '1.1.3' ],
115 silly audit   'arraybuffer.prototype.slice': [ '1.0.3' ],
115 silly audit   'ast-types-flow': [ '0.0.8' ],
115 silly audit   'available-typed-arrays': [ '1.0.7' ],
115 silly audit   'axe-core': [ '4.7.0' ],
115 silly audit   'axobject-query': [ '3.2.1' ],
115 silly audit   'balanced-match': [ '1.0.2' ],
115 silly audit   'binary-extensions': [ '2.3.0' ],
115 silly audit   braces: [ '3.0.2' ],
115 silly audit   busboy: [ '1.6.0' ],
115 silly audit   'call-bind': [ '1.0.7' ],
115 silly audit   callsites: [ '3.1.0' ],
115 silly audit   'camelcase-css': [ '2.0.1' ],
115 silly audit   'caniuse-lite': [ '1.0.30001620' ],
115 silly audit   chalk: [ '4.1.2' ],
115 silly audit   chokidar: [ '3.6.0' ],
115 silly audit   'glob-parent': [ '5.1.2', '6.0.2' ],
115 silly audit   'client-only': [ '0.0.1' ],
115 silly audit   'color-convert': [ '2.0.1' ],
115 silly audit   'color-name': [ '1.1.4' ],
115 silly audit   commander: [ '4.1.1' ],
115 silly audit   'concat-map': [ '0.0.1' ],
115 silly audit   'cross-spawn': [ '7.0.3' ],
115 silly audit   cssesc: [ '3.0.0' ],
115 silly audit   csstype: [ '3.1.3' ],
115 silly audit   'damerau-levenshtein': [ '1.0.8' ],
115 silly audit   'data-view-buffer': [ '1.0.1' ],
115 silly audit   'data-view-byte-length': [ '1.0.1' ],
115 silly audit   'data-view-byte-offset': [ '1.0.0' ],
115 silly audit   debug: [ '4.3.4', '3.2.7' ],
115 silly audit   'deep-is': [ '0.1.4' ],
115 silly audit   'define-data-property': [ '1.1.4' ],
115 silly audit   'define-properties': [ '1.2.1' ],
115 silly audit   dequal: [ '2.0.3' ],
115 silly audit   didyoumean: [ '1.2.2' ],
115 silly audit   'dir-glob': [ '3.0.1' ],
115 silly audit   dlv: [ '1.1.3' ],
115 silly audit   doctrine: [ '3.0.0', '2.1.0' ],
115 silly audit   eastasianwidth: [ '0.2.0' ],
115 silly audit   'emoji-regex': [ '9.2.2', '8.0.0' ],
115 silly audit   'enhanced-resolve': [ '5.16.1' ],
115 silly audit   'es-abstract': [ '1.23.3' ],
115 silly audit   'es-define-property': [ '1.0.0' ],
115 silly audit   'es-errors': [ '1.3.0' ],
115 silly audit   'es-iterator-helpers': [ '1.0.19' ],
115 silly audit   'es-object-atoms': [ '1.0.0' ],
115 silly audit   'es-set-tostringtag': [ '2.0.3' ],
115 silly audit   'es-shim-unscopables': [ '1.0.2' ],
115 silly audit   'es-to-primitive': [ '1.2.1' ],
115 silly audit   'escape-string-regexp': [ '4.0.0' ],
115 silly audit   eslint: [ '8.57.0' ],
115 silly audit   'eslint-config-next': [ '14.2.3' ],
115 silly audit   'eslint-import-resolver-node': [ '0.3.9' ],
115 silly audit   'eslint-import-resolver-typescript': [ '3.6.1' ],
115 silly audit   'eslint-module-utils': [ '2.8.1' ],
115 silly audit   'eslint-plugin-import': [ '2.29.1' ],
115 silly audit   semver: [ '6.3.1', '7.6.2' ],
115 silly audit   'eslint-plugin-jsx-a11y': [ '6.8.0' ],
115 silly audit   'eslint-plugin-react': [ '7.34.1' ],
115 silly audit   'eslint-plugin-react-hooks': [ '4.6.2' ],
115 silly audit   resolve: [ '2.0.0-next.5', '1.22.8' ],
115 silly audit   'eslint-scope': [ '7.2.2' ],
115 silly audit   'eslint-visitor-keys': [ '3.4.3' ],
115 silly audit   espree: [ '9.6.1' ],
115 silly audit   esquery: [ '1.5.0' ],
115 silly audit   esrecurse: [ '4.3.0' ],
115 silly audit   estraverse: [ '5.3.0' ],
115 silly audit   esutils: [ '2.0.3' ],
115 silly audit   'fast-deep-equal': [ '3.1.3' ],
115 silly audit   'fast-glob': [ '3.3.2' ],
115 silly audit   'fast-json-stable-stringify': [ '2.1.0' ],
115 silly audit   'fast-levenshtein': [ '2.0.6' ],
115 silly audit   fastq: [ '1.17.1' ],
115 silly audit   'file-entry-cache': [ '6.0.1' ],
115 silly audit   'fill-range': [ '7.0.1' ],
115 silly audit   'find-up': [ '5.0.0' ],
115 silly audit   'flat-cache': [ '3.2.0' ],
115 silly audit   flatted: [ '3.3.1' ],
115 silly audit   'for-each': [ '0.3.3' ],
115 silly audit   'foreground-child': [ '3.1.1' ],
115 silly audit   'fs.realpath': [ '1.0.0' ],
115 silly audit   fsevents: [ '2.3.3' ],
115 silly audit   'function-bind': [ '1.1.2' ],
115 silly audit   'function.prototype.name': [ '1.1.6' ],
115 silly audit   'functions-have-names': [ '1.2.3' ],
115 silly audit   'get-intrinsic': [ '1.2.4' ],
115 silly audit   'get-symbol-description': [ '1.0.2' ],
115 silly audit   'get-tsconfig': [ '4.7.5' ],
115 silly audit   glob: [ '10.3.10', '7.2.3' ],
115 silly audit   globals: [ '13.24.0' ],
115 silly audit   globalthis: [ '1.0.4' ],
115 silly audit   globby: [ '11.1.0' ],
115 silly audit   gopd: [ '1.0.1' ],
115 silly audit   'graceful-fs': [ '4.2.11' ],
115 silly audit   graphemer: [ '1.4.0' ],
115 silly audit   'has-bigints': [ '1.0.2' ],
115 silly audit   'has-flag': [ '4.0.0' ],
115 silly audit   'has-property-descriptors': [ '1.0.2' ],
115 silly audit   'has-proto': [ '1.0.3' ],
115 silly audit   'has-symbols': [ '1.0.3' ],
115 silly audit   'has-tostringtag': [ '1.0.2' ],
115 silly audit   hasown: [ '2.0.2' ],
115 silly audit   ignore: [ '5.3.1' ],
115 silly audit   'import-fresh': [ '3.3.0' ],
115 silly audit   imurmurhash: [ '0.1.4' ],
115 silly audit   inflight: [ '1.0.6' ],
115 silly audit   inherits: [ '2.0.4' ],
115 silly audit   'internal-slot': [ '1.0.7' ],
115 silly audit   'is-array-buffer': [ '3.0.4' ],
115 silly audit   'is-async-function': [ '2.0.0' ],
115 silly audit   'is-bigint': [ '1.0.4' ],
115 silly audit   'is-binary-path': [ '2.1.0' ],
115 silly audit   'is-boolean-object': [ '1.1.2' ],
115 silly audit   'is-callable': [ '1.2.7' ],
115 silly audit   'is-core-module': [ '2.13.1' ],
115 silly audit   'is-data-view': [ '1.0.1' ],
115 silly audit   'is-date-object': [ '1.0.5' ],
115 silly audit   'is-extglob': [ '2.1.1' ],
115 silly audit   'is-finalizationregistry': [ '1.0.2' ],
115 silly audit   'is-fullwidth-code-point': [ '3.0.0' ],
115 silly audit   'is-generator-function': [ '1.0.10' ],
115 silly audit   'is-glob': [ '4.0.3' ],
115 silly audit   'is-map': [ '2.0.3' ],
115 silly audit   'is-negative-zero': [ '2.0.3' ],
115 silly audit   'is-number': [ '7.0.0' ],
115 silly audit   'is-number-object': [ '1.0.7' ],
115 silly audit   'is-path-inside': [ '3.0.3' ],
115 silly audit   'is-regex': [ '1.1.4' ],
115 silly audit   'is-set': [ '2.0.3' ],
115 silly audit   'is-shared-array-buffer': [ '1.0.3' ],
115 silly audit   'is-string': [ '1.0.7' ],
115 silly audit   'is-symbol': [ '1.0.4' ],
115 silly audit   'is-typed-array': [ '1.1.13' ],
115 silly audit   'is-weakmap': [ '2.0.2' ],
115 silly audit   'is-weakref': [ '1.0.2' ],
115 silly audit   'is-weakset': [ '2.0.3' ],
115 silly audit   isarray: [ '2.0.5' ],
115 silly audit   isexe: [ '2.0.0' ],
115 silly audit   'iterator.prototype': [ '1.1.2' ],
115 silly audit   jackspeak: [ '2.3.6' ],
115 silly audit   jiti: [ '1.21.0' ],
115 silly audit   'js-tokens': [ '4.0.0' ],
115 silly audit   'js-yaml': [ '4.1.0' ],
115 silly audit   'json-buffer': [ '3.0.1' ],
115 silly audit   'json-schema-traverse': [ '0.4.1' ],
115 silly audit   'json-stable-stringify-without-jsonify': [ '1.0.1' ],
115 silly audit   json5: [ '1.0.2' ],
115 silly audit   'jsx-ast-utils': [ '3.3.5' ],
115 silly audit   keyv: [ '4.5.4' ],
115 silly audit   'language-subtag-registry': [ '0.3.22' ],
115 silly audit   'language-tags': [ '1.0.9' ],
115 silly audit   levn: [ '0.4.1' ],
115 silly audit   lilconfig: [ '2.1.0', '3.1.1' ],
115 silly audit   'lines-and-columns': [ '1.2.4' ],
115 silly audit   'locate-path': [ '6.0.0' ],
115 silly audit   'lodash.merge': [ '4.6.2' ],
115 silly audit   'loose-envify': [ '1.4.0' ],
115 silly audit   'lru-cache': [ '10.2.2' ],
115 silly audit   merge2: [ '1.4.1' ],
115 silly audit   micromatch: [ '4.0.5' ],
115 silly audit   minimist: [ '1.2.8' ],
115 silly audit   minipass: [ '7.1.1' ],
115 silly audit   ms: [ '2.1.2', '2.1.3' ],
115 silly audit   mz: [ '2.7.0' ],
115 silly audit   nanoid: [ '3.3.7' ],
115 silly audit   'natural-compare': [ '1.4.0' ],
115 silly audit   next: [ '14.2.3' ],
115 silly audit   postcss: [ '8.4.31', '8.4.38' ],
115 silly audit   'normalize-path': [ '3.0.0' ],
115 silly audit   'object-assign': [ '4.1.1' ],
115 silly audit   'object-hash': [ '3.0.0' ],
115 silly audit   'object-inspect': [ '1.13.1' ],
115 silly audit   'object-keys': [ '1.1.1' ],
115 silly audit   'object.assign': [ '4.1.5' ],
115 silly audit   'object.entries': [ '1.1.8' ],
115 silly audit   'object.fromentries': [ '2.0.8' ],
115 silly audit   'object.groupby': [ '1.0.3' ],
115 silly audit   'object.hasown': [ '1.1.4' ],
115 silly audit   'object.values': [ '1.2.0' ],
115 silly audit   once: [ '1.4.0' ],
115 silly audit   optionator: [ '0.9.4' ],
115 silly audit   'p-limit': [ '3.1.0' ],
115 silly audit   'p-locate': [ '5.0.0' ],
115 silly audit   'parent-module': [ '1.0.1' ],
115 silly audit   'path-exists': [ '4.0.0' ],
115 silly audit   'path-is-absolute': [ '1.0.1' ],
115 silly audit   'path-key': [ '3.1.1' ],
115 silly audit   'path-parse': [ '1.0.7' ],
115 silly audit   'path-scurry': [ '1.11.1' ],
115 silly audit   'path-type': [ '4.0.0' ],
115 silly audit   picocolors: [ '1.0.1' ],
115 silly audit   picomatch: [ '2.3.1' ],
115 silly audit   pify: [ '2.3.0' ],
115 silly audit   pirates: [ '4.0.6' ],
115 silly audit   'possible-typed-array-names': [ '1.0.0' ],
115 silly audit   'postcss-import': [ '15.1.0' ],
115 silly audit   'postcss-js': [ '4.0.1' ],
115 silly audit   'postcss-load-config': [ '4.0.2' ],
115 silly audit   'postcss-nested': [ '6.0.1' ],
115 silly audit   'postcss-selector-parser': [ '6.0.16' ],
115 silly audit   'postcss-value-parser': [ '4.2.0' ],
115 silly audit   'prelude-ls': [ '1.2.1' ],
115 silly audit   'prop-types': [ '15.8.1' ],
115 silly audit   punycode: [ '2.3.1' ],
115 silly audit   'queue-microtask': [ '1.2.3' ],
115 silly audit   react: [ '18.3.1' ],
115 silly audit   'react-dom': [ '18.3.1' ],
115 silly audit   'react-is': [ '16.13.1' ],
115 silly audit   'read-cache': [ '1.0.0' ],
115 silly audit   readdirp: [ '3.6.0' ],
115 silly audit   'reflect.getprototypeof': [ '1.0.6' ],
115 silly audit   'regenerator-runtime': [ '0.14.1' ],
115 silly audit   'regexp.prototype.flags': [ '1.5.2' ],
115 silly audit   'resolve-from': [ '4.0.0' ],
115 silly audit   'resolve-pkg-maps': [ '1.0.0' ],
115 silly audit   reusify: [ '1.0.4' ],
115 silly audit   rimraf: [ '3.0.2' ],
115 silly audit   'run-parallel': [ '1.2.0' ],
115 silly audit   'safe-array-concat': [ '1.1.2' ],
115 silly audit   'safe-regex-test': [ '1.0.3' ],
115 silly audit   scheduler: [ '0.23.2' ],
115 silly audit   'set-function-length': [ '1.2.2' ],
115 silly audit   'set-function-name': [ '2.0.2' ],
115 silly audit   'shebang-command': [ '2.0.0' ],
115 silly audit   'shebang-regex': [ '3.0.0' ],
115 silly audit   'side-channel': [ '1.0.6' ],
115 silly audit   'signal-exit': [ '4.1.0' ],
115 silly audit   slash: [ '3.0.0' ],
115 silly audit   'source-map-js': [ '1.2.0' ],
115 silly audit   streamsearch: [ '1.1.0' ],
115 silly audit   'string-width': [ '5.1.2', '4.2.3' ],
115 silly audit   'string.prototype.matchall': [ '4.0.11' ],
115 silly audit   'string.prototype.trim': [ '1.2.9' ],
115 silly audit   'string.prototype.trimend': [ '1.0.8' ],
115 silly audit   'string.prototype.trimstart': [ '1.0.8' ],
115 silly audit   'strip-bom': [ '3.0.0' ],
115 silly audit   'strip-json-comments': [ '3.1.1' ],
115 silly audit   'styled-jsx': [ '5.1.1' ],
115 silly audit   sucrase: [ '3.35.0' ],
115 silly audit   'supports-color': [ '7.2.0' ],
115 silly audit   'supports-preserve-symlinks-flag': [ '1.0.0' ],
115 silly audit   tailwindcss: [ '3.4.3' ],
115 silly audit   tapable: [ '2.2.1' ],
115 silly audit   'text-table': [ '0.2.0' ],
115 silly audit   thenify: [ '3.3.1' ],
115 silly audit   'thenify-all': [ '1.6.0' ],
115 silly audit   'to-regex-range': [ '5.0.1' ],
115 silly audit   'ts-api-utils': [ '1.3.0' ],
115 silly audit   'ts-interface-checker': [ '0.1.13' ],
115 silly audit   'tsconfig-paths': [ '3.15.0' ],
115 silly audit   tslib: [ '2.6.2' ],
115 silly audit   'type-check': [ '0.4.0' ],
115 silly audit   'type-fest': [ '0.20.2' ],
115 silly audit   'typed-array-buffer': [ '1.0.2' ],
115 silly audit   'typed-array-byte-length': [ '1.0.1' ],
115 silly audit   'typed-array-byte-offset': [ '1.0.2' ],
115 silly audit   'typed-array-length': [ '1.0.6' ],
115 silly audit   typescript: [ '5.4.5' ],
115 silly audit   'unbox-primitive': [ '1.0.2' ],
115 silly audit   'undici-types': [ '5.26.5' ],
115 silly audit   'uri-js': [ '4.4.1' ],
115 silly audit   'util-deprecate': [ '1.0.2' ],
115 silly audit   which: [ '2.0.2' ],
115 silly audit   'which-boxed-primitive': [ '1.0.2' ],
115 silly audit   'which-builtin-type': [ '1.1.3' ],
115 silly audit   'which-collection': [ '1.0.2' ],
115 silly audit   'which-typed-array': [ '1.1.15' ],
115 silly audit   'word-wrap': [ '1.2.5' ],
115 silly audit   'wrap-ansi': [ '8.1.0', '7.0.0' ],
115 silly audit   wrappy: [ '1.0.2' ],
115 silly audit   yaml: [ '2.4.2' ],
115 silly audit   'yocto-queue': [ '0.1.0' ],
115 silly audit   mongoose: [ '8.4.0' ],
115 silly audit   bson: [ '6.7.0' ],
115 silly audit   kareem: [ '2.6.3' ],
115 silly audit   mongodb: [ '6.6.2' ],
115 silly audit   mpath: [ '0.9.0' ],
115 silly audit   mquery: [ '5.0.0' ],
115 silly audit   sift: [ '17.1.3' ],
115 silly audit   '@mongodb-js/saslprep': [ '1.1.7' ],
115 silly audit   'mongodb-connection-string-url': [ '3.0.1' ],
115 silly audit   'sparse-bitfield': [ '3.0.3' ],
115 silly audit   '@types/whatwg-url': [ '11.0.5' ],
115 silly audit   'whatwg-url': [ '13.0.0' ],
115 silly audit   '@types/webidl-conversions': [ '7.0.3' ],
115 silly audit   'memory-pager': [ '1.5.0' ],
115 silly audit   tr46: [ '4.1.1' ],
115 silly audit   'webidl-conversions': [ '7.0.0' ]
115 silly audit }
116 verbose reify failed optional dependency C:\Users\hp\Desktop\Prctice All\fullstack-nextjs-app\my-app-starter\node_modules\fsevents
117 silly reify mark deleted [
117 silly reify   'C:\\Users\\hp\\Desktop\\Prctice All\\fullstack-nextjs-app\\my-app-starter\\node_modules\\fsevents'
117 silly reify ]
118 verbose reify failed optional dependency C:\Users\hp\Desktop\Prctice All\fullstack-nextjs-app\my-app-starter\node_modules\@next\swc-win32-ia32-msvc
119 silly reify mark deleted [
119 silly reify   'C:\\Users\\hp\\Desktop\\Prctice All\\fullstack-nextjs-app\\my-app-starter\\node_modules\\@next\\swc-win32-ia32-msvc'
119 silly reify ]
120 verbose reify failed optional dependency C:\Users\hp\Desktop\Prctice All\fullstack-nextjs-app\my-app-starter\node_modules\@next\swc-win32-arm64-msvc
121 silly reify mark deleted [
121 silly reify   'C:\\Users\\hp\\Desktop\\Prctice All\\fullstack-nextjs-app\\my-app-starter\\node_modules\\@next\\swc-win32-arm64-msvc'
121 silly reify ]
122 verbose reify failed optional dependency C:\Users\hp\Desktop\Prctice All\fullstack-nextjs-app\my-app-starter\node_modules\@next\swc-linux-x64-musl
123 silly reify mark deleted [
123 silly reify   'C:\\Users\\hp\\Desktop\\Prctice All\\fullstack-nextjs-app\\my-app-starter\\node_modules\\@next\\swc-linux-x64-musl'
123 silly reify ]
124 verbose reify failed optional dependency C:\Users\hp\Desktop\Prctice All\fullstack-nextjs-app\my-app-starter\node_modules\@next\swc-linux-x64-gnu
125 silly reify mark deleted [
125 silly reify   'C:\\Users\\hp\\Desktop\\Prctice All\\fullstack-nextjs-app\\my-app-starter\\node_modules\\@next\\swc-linux-x64-gnu'
125 silly reify ]
126 verbose reify failed optional dependency C:\Users\hp\Desktop\Prctice All\fullstack-nextjs-app\my-app-starter\node_modules\@next\swc-linux-arm64-musl
127 silly reify mark deleted [
127 silly reify   'C:\\Users\\hp\\Desktop\\Prctice All\\fullstack-nextjs-app\\my-app-starter\\node_modules\\@next\\swc-linux-arm64-musl'
127 silly reify ]
128 verbose reify failed optional dependency C:\Users\hp\Desktop\Prctice All\fullstack-nextjs-app\my-app-starter\node_modules\@next\swc-linux-arm64-gnu
129 silly reify mark deleted [
129 silly reify   'C:\\Users\\hp\\Desktop\\Prctice All\\fullstack-nextjs-app\\my-app-starter\\node_modules\\@next\\swc-linux-arm64-gnu'
129 silly reify ]
130 verbose reify failed optional dependency C:\Users\hp\Desktop\Prctice All\fullstack-nextjs-app\my-app-starter\node_modules\@next\swc-darwin-x64
131 silly reify mark deleted [
131 silly reify   'C:\\Users\\hp\\Desktop\\Prctice All\\fullstack-nextjs-app\\my-app-starter\\node_modules\\@next\\swc-darwin-x64'
131 silly reify ]
132 verbose reify failed optional dependency C:\Users\hp\Desktop\Prctice All\fullstack-nextjs-app\my-app-starter\node_modules\@next\swc-darwin-arm64
133 silly reify mark deleted [
133 silly reify   'C:\\Users\\hp\\Desktop\\Prctice All\\fullstack-nextjs-app\\my-app-starter\\node_modules\\@next\\swc-darwin-arm64'
133 silly reify ]
134 timing reifyNode:node_modules/fsevents Completed in 10ms
135 timing reifyNode:node_modules/@next/swc-win32-ia32-msvc Completed in 10ms
136 timing reifyNode:node_modules/@next/swc-win32-arm64-msvc Completed in 10ms
137 timing reifyNode:node_modules/@next/swc-linux-x64-musl Completed in 10ms
138 timing reifyNode:node_modules/@next/swc-linux-x64-gnu Completed in 10ms
139 timing reifyNode:node_modules/@next/swc-linux-arm64-musl Completed in 10ms
140 timing reifyNode:node_modules/@next/swc-linux-arm64-gnu Completed in 10ms
141 timing reifyNode:node_modules/@next/swc-darwin-x64 Completed in 10ms
142 timing reifyNode:node_modules/@next/swc-darwin-arm64 Completed in 9ms
143 silly tarball no local data for webidl-conversions@https://registry.npmjs.org/webidl-conversions/-/webidl-conversions-7.0.0.tgz. Extracting by manifest.
144 silly tarball no local data for memory-pager@https://registry.npmjs.org/memory-pager/-/memory-pager-1.5.0.tgz. Extracting by manifest.
145 silly tarball no local data for @types/whatwg-url@https://registry.npmjs.org/@types/whatwg-url/-/whatwg-url-11.0.5.tgz. Extracting by manifest.
146 silly tarball no local data for sparse-bitfield@https://registry.npmjs.org/sparse-bitfield/-/sparse-bitfield-3.0.3.tgz. Extracting by manifest.
147 silly tarball no local data for mongodb-connection-string-url@https://registry.npmjs.org/mongodb-connection-string-url/-/mongodb-connection-string-url-3.0.1.tgz. Extracting by manifest.
148 silly tarball no local data for whatwg-url@https://registry.npmjs.org/whatwg-url/-/whatwg-url-13.0.0.tgz. Extracting by manifest.
149 silly tarball no local data for tr46@https://registry.npmjs.org/tr46/-/tr46-4.1.1.tgz. Extracting by manifest.
150 silly tarball no local data for @types/webidl-conversions@https://registry.npmjs.org/@types/webidl-conversions/-/webidl-conversions-7.0.3.tgz. Extracting by manifest.
151 silly tarball no local data for @mongodb-js/saslprep@https://registry.npmjs.org/@mongodb-js/saslprep/-/saslprep-1.1.7.tgz. Extracting by manifest.
152 silly tarball no local data for mongodb@https://registry.npmjs.org/mongodb/-/mongodb-6.6.2.tgz. Extracting by manifest.
153 silly tarball no local data for mquery@https://registry.npmjs.org/mquery/-/mquery-5.0.0.tgz. Extracting by manifest.
154 silly tarball no local data for sift@https://registry.npmjs.org/sift/-/sift-17.1.3.tgz. Extracting by manifest.
155 silly tarball no local data for bson@https://registry.npmjs.org/bson/-/bson-6.7.0.tgz. Extracting by manifest.
156 silly tarball no local data for kareem@https://registry.npmjs.org/kareem/-/kareem-2.6.3.tgz. Extracting by manifest.
157 silly tarball no local data for mongoose@https://registry.npmjs.org/mongoose/-/mongoose-8.4.0.tgz. Extracting by manifest.
158 silly tarball no local data for mpath@https://registry.npmjs.org/mpath/-/mpath-0.9.0.tgz. Extracting by manifest.
159 silly tarball no local data for ms@https://registry.npmjs.org/ms/-/ms-2.1.3.tgz. Extracting by manifest.
160 http fetch GET 200 https://registry.npmjs.org/webidl-conversions/-/webidl-conversions-7.0.0.tgz 240ms (cache miss)
161 timing reifyNode:node_modules/webidl-conversions Completed in 260ms
162 http fetch GET 200 https://registry.npmjs.org/memory-pager/-/memory-pager-1.5.0.tgz 244ms (cache miss)
163 timing reifyNode:node_modules/memory-pager Completed in 280ms
164 http fetch GET 200 https://registry.npmjs.org/sparse-bitfield/-/sparse-bitfield-3.0.3.tgz 263ms (cache miss)
165 timing reifyNode:node_modules/sparse-bitfield Completed in 286ms
166 http fetch POST 200 https://registry.npmjs.org/-/npm/v1/security/advisories/bulk 345ms
167 timing auditReport:getReport Completed in 352ms
168 silly audit report {}
169 timing auditReport:init Completed in 0ms
170 timing reify:audit Completed in 354ms
171 http fetch GET 200 https://registry.npmjs.org/mongodb-connection-string-url/-/mongodb-connection-string-url-3.0.1.tgz 326ms (cache miss)
172 timing reifyNode:node_modules/mongodb-connection-string-url Completed in 409ms
173 http fetch GET 200 https://registry.npmjs.org/whatwg-url/-/whatwg-url-13.0.0.tgz 460ms (cache miss)
174 timing reifyNode:node_modules/whatwg-url Completed in 482ms
175 http fetch GET 200 https://registry.npmjs.org/mpath/-/mpath-0.9.0.tgz 469ms (cache miss)
176 timing reifyNode:node_modules/mpath Completed in 504ms
177 http fetch GET 200 https://registry.npmjs.org/@types/webidl-conversions/-/webidl-conversions-7.0.3.tgz 489ms (cache miss)
178 timing reifyNode:node_modules/@types/webidl-conversions Completed in 513ms
179 http fetch GET 200 https://registry.npmjs.org/tr46/-/tr46-4.1.1.tgz 501ms (cache miss)
180 timing reifyNode:node_modules/tr46 Completed in 530ms
181 http fetch GET 200 https://registry.npmjs.org/ms/-/ms-2.1.3.tgz 638ms (cache miss)
182 timing reifyNode:node_modules/mongoose/node_modules/ms Completed in 675ms
183 http fetch GET 200 https://registry.npmjs.org/@mongodb-js/saslprep/-/saslprep-1.1.7.tgz 674ms (cache miss)
184 timing reifyNode:node_modules/@mongodb-js/saslprep Completed in 700ms
185 http fetch GET 200 https://registry.npmjs.org/mquery/-/mquery-5.0.0.tgz 981ms (cache miss)
186 timing reifyNode:node_modules/mquery Completed in 1008ms
187 http fetch GET 200 https://registry.npmjs.org/kareem/-/kareem-2.6.3.tgz 985ms (cache miss)
188 timing reifyNode:node_modules/kareem Completed in 1014ms
189 http fetch GET 200 https://registry.npmjs.org/@types/whatwg-url/-/whatwg-url-11.0.5.tgz 1144ms (cache miss)
190 timing reifyNode:node_modules/@types/whatwg-url Completed in 1166ms
191 http fetch GET 200 https://registry.npmjs.org/sift/-/sift-17.1.3.tgz 1684ms (cache miss)
192 timing reifyNode:node_modules/sift Completed in 1716ms
193 http fetch GET 200 https://registry.npmjs.org/mongoose/-/mongoose-8.4.0.tgz 1797ms (cache miss)
194 timing reifyNode:node_modules/mongoose Completed in 1829ms
195 http fetch GET 200 https://registry.npmjs.org/mongodb/-/mongodb-6.6.2.tgz 2496ms (cache miss)
196 timing reifyNode:node_modules/mongodb Completed in 2522ms
197 http fetch GET 200 https://registry.npmjs.org/bson/-/bson-6.7.0.tgz 2706ms (cache miss)
198 timing reifyNode:node_modules/bson Completed in 2735ms
199 timing reify:unpack Completed in 2737ms
200 timing reify:unretire Completed in 0ms
201 timing build:queue Completed in 3ms
202 timing build:deps Completed in 4ms
203 timing build Completed in 5ms
204 timing reify:build Completed in 6ms
205 timing reify:trash Completed in 2ms
206 timing reify:save Completed in 205ms
207 timing reify Completed in 11710ms
208 silly ADD node_modules/webidl-conversions
209 silly ADD node_modules/tr46
210 silly ADD node_modules/memory-pager
211 silly ADD node_modules/@types/webidl-conversions
212 silly ADD node_modules/whatwg-url
213 silly ADD node_modules/@types/whatwg-url
214 silly ADD node_modules/sparse-bitfield
215 silly ADD node_modules/mongodb-connection-string-url
216 silly ADD node_modules/@mongodb-js/saslprep
217 silly ADD node_modules/sift
218 silly ADD node_modules/mquery
219 silly ADD node_modules/mpath
220 silly ADD node_modules/mongodb
221 silly ADD node_modules/kareem
222 silly ADD node_modules/bson
223 silly ADD node_modules/mongoose
224 silly ADD node_modules/mongoose/node_modules/ms
225 silly ADD
226 silly ADD
227 silly ADD
228 silly ADD
229 silly ADD
230 silly ADD
231 silly ADD
232 silly ADD
233 silly ADD
234 timing command:i Completed in 11719ms
235 verbose exit 0
236 timing npm Completed in 20371ms
237 info ok
