0 verbose cli C:\Program Files\nodejs\node.exe C:\Users\hp\AppData\Roaming\npm\node_modules\npm\bin\npm-cli.js
1 info using npm@10.2.5
2 info using node@v20.10.0
3 timing npm:load:whichnode Completed in 3ms
4 timing config:load:defaults Completed in 2ms
5 timing config:load:file:C:\Users\hp\AppData\Roaming\npm\node_modules\npm\npmrc Completed in 7ms
6 timing config:load:builtin Completed in 8ms
7 timing config:load:cli Completed in 2ms
8 timing config:load:env Completed in 0ms
9 timing config:load:file:C:\Users\hp\Desktop\Prctice All\fullstack-nextjs-app\my-app-starter\.npmrc Completed in 0ms
10 timing config:load:project Completed in 2ms
11 timing config:load:file:C:\Users\hp\.npmrc Completed in 1ms
12 timing config:load:user Completed in 1ms
13 timing config:load:file:C:\Users\hp\AppData\Roaming\npm\etc\npmrc Completed in 0ms
14 timing config:load:global Completed in 0ms
15 timing config:load:setEnvs Completed in 1ms
16 timing config:load Completed in 16ms
17 timing npm:load:configload Completed in 16ms
18 timing config:load:flatten Completed in 2ms
19 timing npm:load:mkdirpcache Completed in 1ms
20 timing npm:load:mkdirplogs Completed in 0ms
21 verbose title npm i jsonwebtoken
22 verbose argv "i" "jsonwebtoken"
23 timing npm:load:setTitle Completed in 1ms
24 timing npm:load:display Completed in 1ms
25 verbose logfile logs-max:10 dir:C:\Users\hp\Desktop\Prctice All\fullstack-nextjs-app\my-app-starter\UsershpAppDataRoamingnpm-cache\_logs\2024-05-20T16_24_03_909Z-
26 verbose logfile C:\Users\hp\Desktop\Prctice All\fullstack-nextjs-app\my-app-starter\UsershpAppDataRoamingnpm-cache\_logs\2024-05-20T16_24_03_909Z-debug-0.log
27 timing npm:load:logFile Completed in 8ms
28 timing npm:load:timers Completed in 0ms
29 timing npm:load:configScope Completed in 0ms
30 timing npm:load Completed in 57ms
31 timing arborist:ctor Completed in 0ms
32 silly logfile start cleaning logs, removing 2 files
33 silly logfile done cleaning log files
34 timing idealTree:init Completed in 161ms
35 timing idealTree:userRequests Completed in 2ms
36 silly idealTree buildDeps
37 silly fetch manifest jsonwebtoken@*
38 timing arborist:ctor Completed in 0ms
39 http fetch GET 200 https://registry.npmjs.org/jsonwebtoken 700ms (cache miss)
40 silly placeDep ROOT jsonwebtoken@9.0.2 OK for: my-app-starter@0.1.0 want: *
41 silly fetch manifest jws@^3.2.2
42 silly fetch manifest lodash.includes@^4.3.0
43 silly fetch manifest lodash.isboolean@^3.0.3
44 silly fetch manifest lodash.isinteger@^4.0.4
45 silly fetch manifest lodash.isnumber@^3.0.3
46 silly fetch manifest lodash.isplainobject@^4.0.6
47 silly fetch manifest lodash.isstring@^4.0.1
48 silly fetch manifest lodash.once@^4.0.0
49 http fetch GET 200 https://registry.npmjs.org/lodash.includes 254ms (cache miss)
50 http fetch GET 200 https://registry.npmjs.org/lodash.once 576ms (cache miss)
51 http fetch GET 200 https://registry.npmjs.org/lodash.isstring 689ms (cache miss)
52 http fetch GET 200 https://registry.npmjs.org/lodash.isplainobject 970ms (cache miss)
53 http fetch GET 200 https://registry.npmjs.org/jws 1038ms (cache miss)
54 http fetch GET 200 https://registry.npmjs.org/lodash.isboolean 1066ms (cache miss)
55 http fetch GET 200 https://registry.npmjs.org/lodash.isnumber 1882ms (cache miss)
56 http fetch GET 200 https://registry.npmjs.org/lodash.isinteger 1995ms (cache miss)
57 timing idealTree:#root Completed in 2713ms
58 silly placeDep ROOT jws@3.2.2 OK for: jsonwebtoken@9.0.2 want: ^3.2.2
59 silly fetch manifest jwa@^1.4.1
60 silly placeDep ROOT lodash.includes@4.3.0 OK for: jsonwebtoken@9.0.2 want: ^4.3.0
61 silly placeDep ROOT lodash.isboolean@3.0.3 OK for: jsonwebtoken@9.0.2 want: ^3.0.3
62 silly placeDep ROOT lodash.isinteger@4.0.4 OK for: jsonwebtoken@9.0.2 want: ^4.0.4
63 silly placeDep ROOT lodash.isnumber@3.0.3 OK for: jsonwebtoken@9.0.2 want: ^3.0.3
64 silly placeDep ROOT lodash.isplainobject@4.0.6 OK for: jsonwebtoken@9.0.2 want: ^4.0.6
65 silly placeDep ROOT lodash.isstring@4.0.1 OK for: jsonwebtoken@9.0.2 want: ^4.0.1
66 silly placeDep ROOT lodash.once@4.1.1 OK for: jsonwebtoken@9.0.2 want: ^4.0.0
67 http fetch GET 200 https://registry.npmjs.org/jwa 1434ms (cache miss)
68 timing idealTree:node_modules/jsonwebtoken Completed in 1443ms
69 silly placeDep ROOT jwa@1.4.1 OK for: jws@3.2.2 want: ^1.4.1
70 silly fetch manifest buffer-equal-constant-time@1.0.1
71 silly fetch manifest ecdsa-sig-formatter@1.0.11
72 http fetch GET 200 https://registry.npmjs.org/ecdsa-sig-formatter 196ms (cache miss)
73 http fetch GET 200 https://registry.npmjs.org/buffer-equal-constant-time 203ms (cache miss)
74 timing idealTree:node_modules/jws Completed in 210ms
75 silly placeDep ROOT buffer-equal-constant-time@1.0.1 OK for: jwa@1.4.1 want: 1.0.1
76 silly placeDep ROOT ecdsa-sig-formatter@1.0.11 OK for: jwa@1.4.1 want: 1.0.11
77 timing idealTree:node_modules/jwa Completed in 8ms
78 timing idealTree:node_modules/buffer-equal-constant-time Completed in 0ms
79 timing idealTree:node_modules/ecdsa-sig-formatter Completed in 0ms
80 timing idealTree:node_modules/lodash.includes Completed in 0ms
81 timing idealTree:node_modules/lodash.isboolean Completed in 0ms
82 timing idealTree:node_modules/lodash.isinteger Completed in 0ms
83 timing idealTree:node_modules/lodash.isnumber Completed in 0ms
84 timing idealTree:node_modules/lodash.isplainobject Completed in 0ms
85 timing idealTree:node_modules/lodash.isstring Completed in 0ms
86 timing idealTree:node_modules/lodash.once Completed in 0ms
87 timing idealTree:buildDeps Completed in 4379ms
88 timing idealTree:fixDepFlags Completed in 5ms
89 timing idealTree Completed in 4556ms
90 timing reify:loadTrees Completed in 4558ms
91 timing reify:diffTrees Completed in 9ms
92 silly reify moves {}
93 timing reify:retireShallow Completed in 0ms
94 timing reify:createSparse Completed in 4ms
95 timing reify:loadBundles Completed in 0ms
96 silly audit bulk request {
96 silly audit   '@alloc/quick-lru': [ '5.2.0' ],
96 silly audit   '@babel/runtime': [ '7.24.5' ],
96 silly audit   '@eslint-community/eslint-utils': [ '4.4.0' ],
96 silly audit   '@eslint-community/regexpp': [ '4.10.0' ],
96 silly audit   '@eslint/eslintrc': [ '2.1.4' ],
96 silly audit   '@eslint/js': [ '8.57.0' ],
96 silly audit   '@humanwhocodes/config-array': [ '0.11.14' ],
96 silly audit   '@humanwhocodes/module-importer': [ '1.0.1' ],
96 silly audit   '@humanwhocodes/object-schema': [ '2.0.3' ],
96 silly audit   '@isaacs/cliui': [ '8.0.2' ],
96 silly audit   'ansi-regex': [ '6.0.1', '5.0.1' ],
96 silly audit   'strip-ansi': [ '7.1.0', '6.0.1' ],
96 silly audit   '@jridgewell/gen-mapping': [ '0.3.5' ],
96 silly audit   '@jridgewell/resolve-uri': [ '3.1.2' ],
96 silly audit   '@jridgewell/set-array': [ '1.2.1' ],
96 silly audit   '@jridgewell/sourcemap-codec': [ '1.4.15' ],
96 silly audit   '@jridgewell/trace-mapping': [ '0.3.25' ],
96 silly audit   '@mapbox/node-pre-gyp': [ '1.0.11' ],
96 silly audit   '@mongodb-js/saslprep': [ '1.1.7' ],
96 silly audit   '@next/env': [ '14.2.3' ],
96 silly audit   '@next/eslint-plugin-next': [ '14.2.3' ],
96 silly audit   '@next/swc-darwin-arm64': [ '14.2.3' ],
96 silly audit   '@next/swc-darwin-x64': [ '14.2.3' ],
96 silly audit   '@next/swc-linux-arm64-gnu': [ '14.2.3' ],
96 silly audit   '@next/swc-linux-arm64-musl': [ '14.2.3' ],
96 silly audit   '@next/swc-linux-x64-gnu': [ '14.2.3' ],
96 silly audit   '@next/swc-linux-x64-musl': [ '14.2.3' ],
96 silly audit   '@next/swc-win32-arm64-msvc': [ '14.2.3' ],
96 silly audit   '@next/swc-win32-ia32-msvc': [ '14.2.3' ],
96 silly audit   '@next/swc-win32-x64-msvc': [ '14.2.3' ],
96 silly audit   '@nodelib/fs.scandir': [ '2.1.5' ],
96 silly audit   '@nodelib/fs.stat': [ '2.0.5' ],
96 silly audit   '@nodelib/fs.walk': [ '1.2.8' ],
96 silly audit   '@pkgjs/parseargs': [ '0.11.0' ],
96 silly audit   '@rushstack/eslint-patch': [ '1.10.3' ],
96 silly audit   '@swc/counter': [ '0.1.3' ],
96 silly audit   '@swc/helpers': [ '0.5.5' ],
96 silly audit   '@types/json5': [ '0.0.29' ],
96 silly audit   '@types/node': [ '20.12.12' ],
96 silly audit   '@types/prop-types': [ '15.7.12' ],
96 silly audit   '@types/react': [ '18.3.2' ],
96 silly audit   '@types/react-dom': [ '18.3.0' ],
96 silly audit   '@types/webidl-conversions': [ '7.0.3' ],
96 silly audit   '@types/whatwg-url': [ '11.0.5' ],
96 silly audit   '@typescript-eslint/parser': [ '7.2.0' ],
96 silly audit   '@typescript-eslint/scope-manager': [ '7.2.0' ],
96 silly audit   '@typescript-eslint/types': [ '7.2.0' ],
96 silly audit   '@typescript-eslint/typescript-estree': [ '7.2.0' ],
96 silly audit   'brace-expansion': [ '2.0.1', '1.1.11' ],
96 silly audit   minimatch: [ '9.0.3', '9.0.4', '3.1.2' ],
96 silly audit   '@typescript-eslint/visitor-keys': [ '7.2.0' ],
96 silly audit   '@ungap/structured-clone': [ '1.2.0' ],
96 silly audit   abbrev: [ '1.1.1' ],
96 silly audit   acorn: [ '8.11.3' ],
96 silly audit   'acorn-jsx': [ '5.3.2' ],
96 silly audit   'agent-base': [ '6.0.2' ],
96 silly audit   ajv: [ '6.12.6' ],
96 silly audit   'ansi-styles': [ '4.3.0', '6.2.1' ],
96 silly audit   'any-promise': [ '1.3.0' ],
96 silly audit   anymatch: [ '3.1.3' ],
96 silly audit   aproba: [ '2.0.0' ],
96 silly audit   'are-we-there-yet': [ '2.0.0' ],
96 silly audit   arg: [ '5.0.2' ],
96 silly audit   argparse: [ '2.0.1' ],
96 silly audit   'aria-query': [ '5.3.0' ],
96 silly audit   'array-buffer-byte-length': [ '1.0.1' ],
96 silly audit   'array-includes': [ '3.1.8' ],
96 silly audit   'array-union': [ '2.1.0' ],
96 silly audit   'array.prototype.findlast': [ '1.2.5' ],
96 silly audit   'array.prototype.findlastindex': [ '1.2.5' ],
96 silly audit   'array.prototype.flat': [ '1.3.2' ],
96 silly audit   'array.prototype.flatmap': [ '1.3.2' ],
96 silly audit   'array.prototype.toreversed': [ '1.1.2' ],
96 silly audit   'array.prototype.tosorted': [ '1.1.3' ],
96 silly audit   'arraybuffer.prototype.slice': [ '1.0.3' ],
96 silly audit   'ast-types-flow': [ '0.0.8' ],
96 silly audit   'available-typed-arrays': [ '1.0.7' ],
96 silly audit   'axe-core': [ '4.7.0' ],
96 silly audit   'axobject-query': [ '3.2.1' ],
96 silly audit   'balanced-match': [ '1.0.2' ],
96 silly audit   bcrypt: [ '5.1.1' ],
96 silly audit   'binary-extensions': [ '2.3.0' ],
96 silly audit   braces: [ '3.0.2' ],
96 silly audit   bson: [ '6.7.0' ],
96 silly audit   busboy: [ '1.6.0' ],
96 silly audit   'call-bind': [ '1.0.7' ],
96 silly audit   callsites: [ '3.1.0' ],
96 silly audit   'camelcase-css': [ '2.0.1' ],
96 silly audit   'caniuse-lite': [ '1.0.30001620' ],
96 silly audit   chalk: [ '4.1.2' ],
96 silly audit   chokidar: [ '3.6.0' ],
96 silly audit   'glob-parent': [ '5.1.2', '6.0.2' ],
96 silly audit   chownr: [ '2.0.0' ],
96 silly audit   'client-only': [ '0.0.1' ],
96 silly audit   'color-convert': [ '2.0.1' ],
96 silly audit   'color-name': [ '1.1.4' ],
96 silly audit   'color-support': [ '1.1.3' ],
96 silly audit   commander: [ '4.1.1' ],
96 silly audit   'concat-map': [ '0.0.1' ],
96 silly audit   'console-control-strings': [ '1.1.0' ],
96 silly audit   'cross-spawn': [ '7.0.3' ],
96 silly audit   cssesc: [ '3.0.0' ],
96 silly audit   csstype: [ '3.1.3' ],
96 silly audit   'damerau-levenshtein': [ '1.0.8' ],
96 silly audit   'data-view-buffer': [ '1.0.1' ],
96 silly audit   'data-view-byte-length': [ '1.0.1' ],
96 silly audit   'data-view-byte-offset': [ '1.0.0' ],
96 silly audit   debug: [ '4.3.4', '3.2.7' ],
96 silly audit   'deep-is': [ '0.1.4' ],
96 silly audit   'define-data-property': [ '1.1.4' ],
96 silly audit   'define-properties': [ '1.2.1' ],
96 silly audit   delegates: [ '1.0.0' ],
96 silly audit   dequal: [ '2.0.3' ],
96 silly audit   'detect-libc': [ '2.0.3' ],
96 silly audit   didyoumean: [ '1.2.2' ],
96 silly audit   'dir-glob': [ '3.0.1' ],
96 silly audit   dlv: [ '1.1.3' ],
96 silly audit   doctrine: [ '3.0.0', '2.1.0' ],
96 silly audit   eastasianwidth: [ '0.2.0' ],
96 silly audit   'emoji-regex': [ '9.2.2', '8.0.0' ],
96 silly audit   'enhanced-resolve': [ '5.16.1' ],
96 silly audit   'es-abstract': [ '1.23.3' ],
96 silly audit   'es-define-property': [ '1.0.0' ],
96 silly audit   'es-errors': [ '1.3.0' ],
96 silly audit   'es-iterator-helpers': [ '1.0.19' ],
96 silly audit   'es-object-atoms': [ '1.0.0' ],
96 silly audit   'es-set-tostringtag': [ '2.0.3' ],
96 silly audit   'es-shim-unscopables': [ '1.0.2' ],
96 silly audit   'es-to-primitive': [ '1.2.1' ],
96 silly audit   'escape-string-regexp': [ '4.0.0' ],
96 silly audit   eslint: [ '8.57.0' ],
96 silly audit   'eslint-config-next': [ '14.2.3' ],
96 silly audit   'eslint-import-resolver-node': [ '0.3.9' ],
96 silly audit   'eslint-import-resolver-typescript': [ '3.6.1' ],
96 silly audit   'eslint-module-utils': [ '2.8.1' ],
96 silly audit   'eslint-plugin-import': [ '2.29.1' ],
96 silly audit   semver: [ '6.3.1', '7.6.2' ],
96 silly audit   'eslint-plugin-jsx-a11y': [ '6.8.0' ],
96 silly audit   'eslint-plugin-react': [ '7.34.1' ],
96 silly audit   'eslint-plugin-react-hooks': [ '4.6.2' ],
96 silly audit   resolve: [ '2.0.0-next.5', '1.22.8' ],
96 silly audit   'eslint-scope': [ '7.2.2' ],
96 silly audit   'eslint-visitor-keys': [ '3.4.3' ],
96 silly audit   espree: [ '9.6.1' ],
96 silly audit   esquery: [ '1.5.0' ],
96 silly audit   esrecurse: [ '4.3.0' ],
96 silly audit   estraverse: [ '5.3.0' ],
96 silly audit   esutils: [ '2.0.3' ],
96 silly audit   'fast-deep-equal': [ '3.1.3' ],
96 silly audit   'fast-glob': [ '3.3.2' ],
96 silly audit   'fast-json-stable-stringify': [ '2.1.0' ],
96 silly audit   'fast-levenshtein': [ '2.0.6' ],
96 silly audit   fastq: [ '1.17.1' ],
96 silly audit   'file-entry-cache': [ '6.0.1' ],
96 silly audit   'fill-range': [ '7.0.1' ],
96 silly audit   'find-up': [ '5.0.0' ],
96 silly audit   'flat-cache': [ '3.2.0' ],
96 silly audit   flatted: [ '3.3.1' ],
96 silly audit   'for-each': [ '0.3.3' ],
96 silly audit   'foreground-child': [ '3.1.1' ],
96 silly audit   'fs-minipass': [ '2.1.0' ],
96 silly audit   minipass: [ '3.3.6', '7.1.1', '5.0.0' ],
96 silly audit   'fs.realpath': [ '1.0.0' ],
96 silly audit   fsevents: [ '2.3.3' ],
96 silly audit   'function-bind': [ '1.1.2' ],
96 silly audit   'function.prototype.name': [ '1.1.6' ],
96 silly audit   'functions-have-names': [ '1.2.3' ],
96 silly audit   gauge: [ '3.0.2' ],
96 silly audit   'signal-exit': [ '3.0.7', '4.1.0' ],
96 silly audit   'string-width': [ '4.2.3', '5.1.2' ],
96 silly audit   'get-intrinsic': [ '1.2.4' ],
96 silly audit   'get-symbol-description': [ '1.0.2' ],
96 silly audit   'get-tsconfig': [ '4.7.5' ],
96 silly audit   glob: [ '10.3.10', '7.2.3' ],
96 silly audit   globals: [ '13.24.0' ],
96 silly audit   globalthis: [ '1.0.4' ],
96 silly audit   globby: [ '11.1.0' ],
96 silly audit   gopd: [ '1.0.1' ],
96 silly audit   'graceful-fs': [ '4.2.11' ],
96 silly audit   graphemer: [ '1.4.0' ],
96 silly audit   'has-bigints': [ '1.0.2' ],
96 silly audit   'has-flag': [ '4.0.0' ],
96 silly audit   'has-property-descriptors': [ '1.0.2' ],
96 silly audit   'has-proto': [ '1.0.3' ],
96 silly audit   'has-symbols': [ '1.0.3' ],
96 silly audit   'has-tostringtag': [ '1.0.2' ],
96 silly audit   'has-unicode': [ '2.0.1' ],
96 silly audit   hasown: [ '2.0.2' ],
96 silly audit   'https-proxy-agent': [ '5.0.1' ],
96 silly audit   ignore: [ '5.3.1' ],
96 silly audit   'import-fresh': [ '3.3.0' ],
96 silly audit   imurmurhash: [ '0.1.4' ],
96 silly audit   inflight: [ '1.0.6' ],
96 silly audit   inherits: [ '2.0.4' ],
96 silly audit   'internal-slot': [ '1.0.7' ],
96 silly audit   'is-array-buffer': [ '3.0.4' ],
96 silly audit   'is-async-function': [ '2.0.0' ],
96 silly audit   'is-bigint': [ '1.0.4' ],
96 silly audit   'is-binary-path': [ '2.1.0' ],
96 silly audit   'is-boolean-object': [ '1.1.2' ],
96 silly audit   'is-callable': [ '1.2.7' ],
96 silly audit   'is-core-module': [ '2.13.1' ],
96 silly audit   'is-data-view': [ '1.0.1' ],
96 silly audit   'is-date-object': [ '1.0.5' ],
96 silly audit   'is-extglob': [ '2.1.1' ],
96 silly audit   'is-finalizationregistry': [ '1.0.2' ],
96 silly audit   'is-fullwidth-code-point': [ '3.0.0' ],
96 silly audit   'is-generator-function': [ '1.0.10' ],
96 silly audit   'is-glob': [ '4.0.3' ],
96 silly audit   'is-map': [ '2.0.3' ],
96 silly audit   'is-negative-zero': [ '2.0.3' ],
96 silly audit   'is-number': [ '7.0.0' ],
96 silly audit   'is-number-object': [ '1.0.7' ],
96 silly audit   'is-path-inside': [ '3.0.3' ],
96 silly audit   'is-regex': [ '1.1.4' ],
96 silly audit   'is-set': [ '2.0.3' ],
96 silly audit   'is-shared-array-buffer': [ '1.0.3' ],
96 silly audit   'is-string': [ '1.0.7' ],
96 silly audit   'is-symbol': [ '1.0.4' ],
96 silly audit   'is-typed-array': [ '1.1.13' ],
96 silly audit   'is-weakmap': [ '2.0.2' ],
96 silly audit   'is-weakref': [ '1.0.2' ],
96 silly audit   'is-weakset': [ '2.0.3' ],
96 silly audit   isarray: [ '2.0.5' ],
96 silly audit   isexe: [ '2.0.0' ],
96 silly audit   'iterator.prototype': [ '1.1.2' ],
96 silly audit   jackspeak: [ '2.3.6' ],
96 silly audit   jiti: [ '1.21.0' ],
96 silly audit   'js-tokens': [ '4.0.0' ],
96 silly audit   'js-yaml': [ '4.1.0' ],
96 silly audit   'json-buffer': [ '3.0.1' ],
96 silly audit   'json-schema-traverse': [ '0.4.1' ],
96 silly audit   'json-stable-stringify-without-jsonify': [ '1.0.1' ],
96 silly audit   json5: [ '1.0.2' ],
96 silly audit   'jsx-ast-utils': [ '3.3.5' ],
96 silly audit   kareem: [ '2.6.3' ],
96 silly audit   keyv: [ '4.5.4' ],
96 silly audit   'language-subtag-registry': [ '0.3.22' ],
96 silly audit   'language-tags': [ '1.0.9' ],
96 silly audit   levn: [ '0.4.1' ],
96 silly audit   lilconfig: [ '2.1.0', '3.1.1' ],
96 silly audit   'lines-and-columns': [ '1.2.4' ],
96 silly audit   'locate-path': [ '6.0.0' ],
96 silly audit   'lodash.merge': [ '4.6.2' ],
96 silly audit   'loose-envify': [ '1.4.0' ],
96 silly audit   'lru-cache': [ '10.2.2' ],
96 silly audit   'make-dir': [ '3.1.0' ],
96 silly audit   'memory-pager': [ '1.5.0' ],
96 silly audit   merge2: [ '1.4.1' ],
96 silly audit   micromatch: [ '4.0.5' ],
96 silly audit   minimist: [ '1.2.8' ],
96 silly audit   minizlib: [ '2.1.2' ],
96 silly audit   mkdirp: [ '1.0.4' ],
96 silly audit   mongodb: [ '6.6.2' ],
96 silly audit   'mongodb-connection-string-url': [ '3.0.1' ],
96 silly audit   mongoose: [ '8.4.0' ],
96 silly audit   ms: [ '2.1.3', '2.1.2' ],
96 silly audit   mpath: [ '0.9.0' ],
96 silly audit   mquery: [ '5.0.0' ],
96 silly audit   mz: [ '2.7.0' ],
96 silly audit   nanoid: [ '3.3.7' ],
96 silly audit   'natural-compare': [ '1.4.0' ],
96 silly audit   next: [ '14.2.3' ],
96 silly audit   postcss: [ '8.4.31', '8.4.38' ],
96 silly audit   'node-addon-api': [ '5.1.0' ],
96 silly audit   'node-fetch': [ '2.7.0' ],
96 silly audit   tr46: [ '0.0.3', '4.1.1' ],
96 silly audit   'webidl-conversions': [ '3.0.1', '7.0.0' ],
96 silly audit   'whatwg-url': [ '5.0.0', '13.0.0' ],
96 silly audit   nopt: [ '5.0.0' ],
96 silly audit   'normalize-path': [ '3.0.0' ],
96 silly audit   npmlog: [ '5.0.1' ],
96 silly audit   'object-assign': [ '4.1.1' ],
96 silly audit   'object-hash': [ '3.0.0' ],
96 silly audit   'object-inspect': [ '1.13.1' ],
96 silly audit   'object-keys': [ '1.1.1' ],
96 silly audit   'object.assign': [ '4.1.5' ],
96 silly audit   'object.entries': [ '1.1.8' ],
96 silly audit   'object.fromentries': [ '2.0.8' ],
96 silly audit   'object.groupby': [ '1.0.3' ],
96 silly audit   'object.hasown': [ '1.1.4' ],
96 silly audit   'object.values': [ '1.2.0' ],
96 silly audit   once: [ '1.4.0' ],
96 silly audit   optionator: [ '0.9.4' ],
96 silly audit   'p-limit': [ '3.1.0' ],
96 silly audit   'p-locate': [ '5.0.0' ],
96 silly audit   'parent-module': [ '1.0.1' ],
96 silly audit   'path-exists': [ '4.0.0' ],
96 silly audit   'path-is-absolute': [ '1.0.1' ],
96 silly audit   'path-key': [ '3.1.1' ],
96 silly audit   'path-parse': [ '1.0.7' ],
96 silly audit   'path-scurry': [ '1.11.1' ],
96 silly audit   'path-type': [ '4.0.0' ],
96 silly audit   picocolors: [ '1.0.1' ],
96 silly audit   picomatch: [ '2.3.1' ],
96 silly audit   pify: [ '2.3.0' ],
96 silly audit   pirates: [ '4.0.6' ],
96 silly audit   'possible-typed-array-names': [ '1.0.0' ],
96 silly audit   'postcss-import': [ '15.1.0' ],
96 silly audit   'postcss-js': [ '4.0.1' ],
96 silly audit   'postcss-load-config': [ '4.0.2' ],
96 silly audit   'postcss-nested': [ '6.0.1' ],
96 silly audit   'postcss-selector-parser': [ '6.0.16' ],
96 silly audit   'postcss-value-parser': [ '4.2.0' ],
96 silly audit   'prelude-ls': [ '1.2.1' ],
96 silly audit   'prop-types': [ '15.8.1' ],
96 silly audit   punycode: [ '2.3.1' ],
96 silly audit   'queue-microtask': [ '1.2.3' ],
96 silly audit   react: [ '18.3.1' ],
96 silly audit   'react-dom': [ '18.3.1' ],
96 silly audit   'react-is': [ '16.13.1' ],
96 silly audit   'read-cache': [ '1.0.0' ],
96 silly audit   'readable-stream': [ '3.6.2' ],
96 silly audit   readdirp: [ '3.6.0' ],
96 silly audit   'reflect.getprototypeof': [ '1.0.6' ],
96 silly audit   'regenerator-runtime': [ '0.14.1' ],
96 silly audit   'regexp.prototype.flags': [ '1.5.2' ],
96 silly audit   'resolve-from': [ '4.0.0' ],
96 silly audit   'resolve-pkg-maps': [ '1.0.0' ],
96 silly audit   reusify: [ '1.0.4' ],
96 silly audit   rimraf: [ '3.0.2' ],
96 silly audit   'run-parallel': [ '1.2.0' ],
96 silly audit   'safe-array-concat': [ '1.1.2' ],
96 silly audit   'safe-buffer': [ '5.2.1' ],
96 silly audit   'safe-regex-test': [ '1.0.3' ],
96 silly audit   scheduler: [ '0.23.2' ],
96 silly audit   'set-blocking': [ '2.0.0' ],
96 silly audit   'set-function-length': [ '1.2.2' ],
96 silly audit   'set-function-name': [ '2.0.2' ],
96 silly audit   'shebang-command': [ '2.0.0' ],
96 silly audit   'shebang-regex': [ '3.0.0' ],
96 silly audit   'side-channel': [ '1.0.6' ],
96 silly audit   sift: [ '17.1.3' ],
96 silly audit   slash: [ '3.0.0' ],
96 silly audit   'source-map-js': [ '1.2.0' ],
96 silly audit   'sparse-bitfield': [ '3.0.3' ],
96 silly audit   streamsearch: [ '1.1.0' ],
96 silly audit   string_decoder: [ '1.3.0' ],
96 silly audit   'string.prototype.matchall': [ '4.0.11' ],
96 silly audit   'string.prototype.trim': [ '1.2.9' ],
96 silly audit   'string.prototype.trimend': [ '1.0.8' ],
96 silly audit   'string.prototype.trimstart': [ '1.0.8' ],
96 silly audit   'strip-bom': [ '3.0.0' ],
96 silly audit   'strip-json-comments': [ '3.1.1' ],
96 silly audit   'styled-jsx': [ '5.1.1' ],
96 silly audit   sucrase: [ '3.35.0' ],
96 silly audit   'supports-color': [ '7.2.0' ],
96 silly audit   'supports-preserve-symlinks-flag': [ '1.0.0' ],
96 silly audit   tailwindcss: [ '3.4.3' ],
96 silly audit   tapable: [ '2.2.1' ],
96 silly audit   tar: [ '6.2.1' ],
96 silly audit   'text-table': [ '0.2.0' ],
96 silly audit   thenify: [ '3.3.1' ],
96 silly audit   'thenify-all': [ '1.6.0' ],
96 silly audit   'to-regex-range': [ '5.0.1' ],
96 silly audit   'ts-api-utils': [ '1.3.0' ],
96 silly audit   'ts-interface-checker': [ '0.1.13' ],
96 silly audit   'tsconfig-paths': [ '3.15.0' ],
96 silly audit   tslib: [ '2.6.2' ],
96 silly audit   'type-check': [ '0.4.0' ],
96 silly audit   'type-fest': [ '0.20.2' ],
96 silly audit   'typed-array-buffer': [ '1.0.2' ],
96 silly audit   'typed-array-byte-length': [ '1.0.1' ],
96 silly audit   'typed-array-byte-offset': [ '1.0.2' ],
96 silly audit   'typed-array-length': [ '1.0.6' ],
96 silly audit   typescript: [ '5.4.5' ],
96 silly audit   'unbox-primitive': [ '1.0.2' ],
96 silly audit   'undici-types': [ '5.26.5' ],
96 silly audit   'uri-js': [ '4.4.1' ],
96 silly audit   'util-deprecate': [ '1.0.2' ],
96 silly audit   which: [ '2.0.2' ],
96 silly audit   'which-boxed-primitive': [ '1.0.2' ],
96 silly audit   'which-builtin-type': [ '1.1.3' ],
96 silly audit   'which-collection': [ '1.0.2' ],
96 silly audit   'which-typed-array': [ '1.1.15' ],
96 silly audit   'wide-align': [ '1.1.5' ],
96 silly audit   'word-wrap': [ '1.2.5' ],
96 silly audit   'wrap-ansi': [ '8.1.0', '7.0.0' ],
96 silly audit   wrappy: [ '1.0.2' ],
96 silly audit   yallist: [ '4.0.0' ],
96 silly audit   yaml: [ '2.4.2' ],
96 silly audit   'yocto-queue': [ '0.1.0' ],
96 silly audit   jsonwebtoken: [ '9.0.2' ],
96 silly audit   jws: [ '3.2.2' ],
96 silly audit   'lodash.includes': [ '4.3.0' ],
96 silly audit   'lodash.isboolean': [ '3.0.3' ],
96 silly audit   'lodash.isinteger': [ '4.0.4' ],
96 silly audit   'lodash.isnumber': [ '3.0.3' ],
96 silly audit   'lodash.isplainobject': [ '4.0.6' ],
96 silly audit   'lodash.isstring': [ '4.0.1' ],
96 silly audit   'lodash.once': [ '4.1.1' ],
96 silly audit   jwa: [ '1.4.1' ],
96 silly audit   'buffer-equal-constant-time': [ '1.0.1' ],
96 silly audit   'ecdsa-sig-formatter': [ '1.0.11' ]
96 silly audit }
97 verbose reify failed optional dependency C:\Users\hp\Desktop\Prctice All\fullstack-nextjs-app\my-app-starter\node_modules\fsevents
98 silly reify mark deleted [
98 silly reify   'C:\\Users\\hp\\Desktop\\Prctice All\\fullstack-nextjs-app\\my-app-starter\\node_modules\\fsevents'
98 silly reify ]
99 verbose reify failed optional dependency C:\Users\hp\Desktop\Prctice All\fullstack-nextjs-app\my-app-starter\node_modules\@next\swc-win32-ia32-msvc
100 silly reify mark deleted [
100 silly reify   'C:\\Users\\hp\\Desktop\\Prctice All\\fullstack-nextjs-app\\my-app-starter\\node_modules\\@next\\swc-win32-ia32-msvc'
100 silly reify ]
101 verbose reify failed optional dependency C:\Users\hp\Desktop\Prctice All\fullstack-nextjs-app\my-app-starter\node_modules\@next\swc-win32-arm64-msvc
102 silly reify mark deleted [
102 silly reify   'C:\\Users\\hp\\Desktop\\Prctice All\\fullstack-nextjs-app\\my-app-starter\\node_modules\\@next\\swc-win32-arm64-msvc'
102 silly reify ]
103 verbose reify failed optional dependency C:\Users\hp\Desktop\Prctice All\fullstack-nextjs-app\my-app-starter\node_modules\@next\swc-linux-x64-musl
104 silly reify mark deleted [
104 silly reify   'C:\\Users\\hp\\Desktop\\Prctice All\\fullstack-nextjs-app\\my-app-starter\\node_modules\\@next\\swc-linux-x64-musl'
104 silly reify ]
105 verbose reify failed optional dependency C:\Users\hp\Desktop\Prctice All\fullstack-nextjs-app\my-app-starter\node_modules\@next\swc-linux-x64-gnu
106 silly reify mark deleted [
106 silly reify   'C:\\Users\\hp\\Desktop\\Prctice All\\fullstack-nextjs-app\\my-app-starter\\node_modules\\@next\\swc-linux-x64-gnu'
106 silly reify ]
107 verbose reify failed optional dependency C:\Users\hp\Desktop\Prctice All\fullstack-nextjs-app\my-app-starter\node_modules\@next\swc-linux-arm64-musl
108 silly reify mark deleted [
108 silly reify   'C:\\Users\\hp\\Desktop\\Prctice All\\fullstack-nextjs-app\\my-app-starter\\node_modules\\@next\\swc-linux-arm64-musl'
108 silly reify ]
109 verbose reify failed optional dependency C:\Users\hp\Desktop\Prctice All\fullstack-nextjs-app\my-app-starter\node_modules\@next\swc-linux-arm64-gnu
110 silly reify mark deleted [
110 silly reify   'C:\\Users\\hp\\Desktop\\Prctice All\\fullstack-nextjs-app\\my-app-starter\\node_modules\\@next\\swc-linux-arm64-gnu'
110 silly reify ]
111 verbose reify failed optional dependency C:\Users\hp\Desktop\Prctice All\fullstack-nextjs-app\my-app-starter\node_modules\@next\swc-darwin-x64
112 silly reify mark deleted [
112 silly reify   'C:\\Users\\hp\\Desktop\\Prctice All\\fullstack-nextjs-app\\my-app-starter\\node_modules\\@next\\swc-darwin-x64'
112 silly reify ]
113 verbose reify failed optional dependency C:\Users\hp\Desktop\Prctice All\fullstack-nextjs-app\my-app-starter\node_modules\@next\swc-darwin-arm64
114 silly reify mark deleted [
114 silly reify   'C:\\Users\\hp\\Desktop\\Prctice All\\fullstack-nextjs-app\\my-app-starter\\node_modules\\@next\\swc-darwin-arm64'
114 silly reify ]
115 timing reifyNode:node_modules/fsevents Completed in 11ms
116 timing reifyNode:node_modules/@next/swc-win32-ia32-msvc Completed in 11ms
117 timing reifyNode:node_modules/@next/swc-win32-arm64-msvc Completed in 11ms
118 timing reifyNode:node_modules/@next/swc-linux-x64-musl Completed in 10ms
119 timing reifyNode:node_modules/@next/swc-linux-x64-gnu Completed in 10ms
120 timing reifyNode:node_modules/@next/swc-linux-arm64-musl Completed in 10ms
121 timing reifyNode:node_modules/@next/swc-linux-arm64-gnu Completed in 10ms
122 timing reifyNode:node_modules/@next/swc-darwin-x64 Completed in 10ms
123 timing reifyNode:node_modules/@next/swc-darwin-arm64 Completed in 10ms
124 silly tarball no local data for jwa@https://registry.npmjs.org/jwa/-/jwa-1.4.1.tgz. Extracting by manifest.
125 silly tarball no local data for ecdsa-sig-formatter@https://registry.npmjs.org/ecdsa-sig-formatter/-/ecdsa-sig-formatter-1.0.11.tgz. Extracting by manifest.
126 silly tarball no local data for lodash.isplainobject@https://registry.npmjs.org/lodash.isplainobject/-/lodash.isplainobject-4.0.6.tgz. Extracting by manifest.
127 silly tarball no local data for lodash.isnumber@https://registry.npmjs.org/lodash.isnumber/-/lodash.isnumber-3.0.3.tgz. Extracting by manifest.
128 silly tarball no local data for lodash.once@https://registry.npmjs.org/lodash.once/-/lodash.once-4.1.1.tgz. Extracting by manifest.
129 silly tarball no local data for buffer-equal-constant-time@https://registry.npmjs.org/buffer-equal-constant-time/-/buffer-equal-constant-time-1.0.1.tgz. Extracting by manifest.
130 silly tarball no local data for lodash.isinteger@https://registry.npmjs.org/lodash.isinteger/-/lodash.isinteger-4.0.4.tgz. Extracting by manifest.
131 silly tarball no local data for jws@https://registry.npmjs.org/jws/-/jws-3.2.2.tgz. Extracting by manifest.
132 silly tarball no local data for lodash.isboolean@https://registry.npmjs.org/lodash.isboolean/-/lodash.isboolean-3.0.3.tgz. Extracting by manifest.
133 silly tarball no local data for lodash.isstring@https://registry.npmjs.org/lodash.isstring/-/lodash.isstring-4.0.1.tgz. Extracting by manifest.
134 silly tarball no local data for jsonwebtoken@https://registry.npmjs.org/jsonwebtoken/-/jsonwebtoken-9.0.2.tgz. Extracting by manifest.
135 silly tarball no local data for lodash.includes@https://registry.npmjs.org/lodash.includes/-/lodash.includes-4.3.0.tgz. Extracting by manifest.
136 http fetch GET 200 https://registry.npmjs.org/lodash.once/-/lodash.once-4.1.1.tgz 124ms (cache miss)
137 http fetch GET 200 https://registry.npmjs.org/lodash.isinteger/-/lodash.isinteger-4.0.4.tgz 126ms (cache miss)
138 timing reifyNode:node_modules/lodash.isinteger Completed in 147ms
139 timing reifyNode:node_modules/lodash.once Completed in 149ms
140 http fetch GET 200 https://registry.npmjs.org/lodash.isplainobject/-/lodash.isplainobject-4.0.6.tgz 131ms (cache miss)
141 timing reifyNode:node_modules/lodash.isplainobject Completed in 151ms
142 http fetch GET 200 https://registry.npmjs.org/ecdsa-sig-formatter/-/ecdsa-sig-formatter-1.0.11.tgz 150ms (cache miss)
143 http fetch GET 200 https://registry.npmjs.org/buffer-equal-constant-time/-/buffer-equal-constant-time-1.0.1.tgz 150ms (cache miss)
144 timing reifyNode:node_modules/ecdsa-sig-formatter Completed in 172ms
145 timing reifyNode:node_modules/buffer-equal-constant-time Completed in 174ms
146 http fetch GET 200 https://registry.npmjs.org/jwa/-/jwa-1.4.1.tgz 159ms (cache miss)
147 timing reifyNode:node_modules/jwa Completed in 179ms
148 http fetch POST 200 https://registry.npmjs.org/-/npm/v1/security/advisories/bulk 338ms
149 timing auditReport:getReport Completed in 346ms
150 silly audit report {}
151 timing auditReport:init Completed in 0ms
152 timing reify:audit Completed in 348ms
153 http fetch GET 200 https://registry.npmjs.org/lodash.isstring/-/lodash.isstring-4.0.1.tgz 449ms (cache miss)
154 timing reifyNode:node_modules/lodash.isstring Completed in 470ms
155 http fetch GET 200 https://registry.npmjs.org/lodash.includes/-/lodash.includes-4.3.0.tgz 458ms (cache miss)
156 timing reifyNode:node_modules/lodash.includes Completed in 481ms
157 http fetch GET 200 https://registry.npmjs.org/jws/-/jws-3.2.2.tgz 470ms (cache miss)
158 timing reifyNode:node_modules/jws Completed in 492ms
159 http fetch GET 200 https://registry.npmjs.org/jsonwebtoken/-/jsonwebtoken-9.0.2.tgz 930ms (cache miss)
160 timing reifyNode:node_modules/jsonwebtoken Completed in 953ms
161 http fetch GET 200 https://registry.npmjs.org/lodash.isnumber/-/lodash.isnumber-3.0.3.tgz 948ms (cache miss)
162 timing reifyNode:node_modules/lodash.isnumber Completed in 968ms
163 http fetch GET 200 https://registry.npmjs.org/lodash.isboolean/-/lodash.isboolean-3.0.3.tgz 1145ms (cache miss)
164 timing reifyNode:node_modules/lodash.isboolean Completed in 1167ms
165 timing reify:unpack Completed in 1168ms
166 timing reify:unretire Completed in 0ms
167 timing build:queue Completed in 5ms
168 timing build:deps Completed in 6ms
169 timing build Completed in 7ms
170 timing reify:build Completed in 8ms
171 timing reify:trash Completed in 3ms
172 timing reify:save Completed in 137ms
173 timing reify Completed in 6016ms
174 silly ADD node_modules/ecdsa-sig-formatter
175 silly ADD node_modules/buffer-equal-constant-time
176 silly ADD node_modules/jwa
177 silly ADD node_modules/lodash.once
178 silly ADD node_modules/lodash.isstring
179 silly ADD node_modules/lodash.isplainobject
180 silly ADD node_modules/lodash.isnumber
181 silly ADD node_modules/lodash.isinteger
182 silly ADD node_modules/lodash.isboolean
183 silly ADD node_modules/lodash.includes
184 silly ADD node_modules/jws
185 silly ADD node_modules/jsonwebtoken
186 silly ADD
187 silly ADD
188 silly ADD
189 silly ADD
190 silly ADD
191 silly ADD
192 silly ADD
193 silly ADD
194 silly ADD
195 timing command:i Completed in 6028ms
196 verbose exit 0
197 timing npm Completed in 6431ms
198 info ok
